[1222/152605:WARNING:dns_config_service_win.cc(653)] Failed to read DnsConfig.
[1222/152605:ERROR:gpu_info_collector_win.cc(103)] Can't retrieve a valid WinSAT assessment.
[1222/152605:ERROR:proxy_service_factory.cc(105)] Cannot use V8 Proxy resolver in single process mode.
[1222/152605:ERROR:command_buffer_proxy_impl.cc(156)] Failed to initialize command buffer service.
[1222/152605:ERROR:webgraphicscontext3d_command_buffer_impl.cc(394)] CommandBufferProxy::Initialize failed.
[1222/152605:ERROR:webgraphicscontext3d_command_buffer_impl.cc(413)] Failed to initialize command buffer.
[1222/152605:ERROR:command_buffer_proxy_impl.cc(156)] Failed to initialize command buffer service.
[1222/152605:ERROR:webgraphicscontext3d_command_buffer_impl.cc(394)] CommandBufferProxy::Initialize failed.
[1222/152605:ERROR:webgraphicscontext3d_command_buffer_impl.cc(413)] Failed to initialize command buffer.
[1222/152605:ERROR:command_buffer_proxy_impl.cc(156)] Failed to initialize command buffer service.
[1222/152605:ERROR:webgraphicscontext3d_command_buffer_impl.cc(394)] CommandBufferProxy::Initialize failed.
[1222/152605:ERROR:webgraphicscontext3d_command_buffer_impl.cc(413)] Failed to initialize command buffer.
[1222/152605:ERROR:command_buffer_proxy_impl.cc(156)] Failed to initialize command buffer service.
[1222/152605:ERROR:webgraphicscontext3d_command_buffer_impl.cc(394)] CommandBufferProxy::Initialize failed.
[1222/152605:ERROR:webgraphicscontext3d_command_buffer_impl.cc(413)] Failed to initialize command buffer.
[1222/152605:ERROR:command_buffer_proxy_impl.cc(156)] Failed to initialize command buffer service.
[1222/152605:ERROR:webgraphicscontext3d_command_buffer_impl.cc(394)] CommandBufferProxy::Initialize failed.
[1222/152605:ERROR:webgraphicscontext3d_command_buffer_impl.cc(413)] Failed to initialize command buffer.
[1222/152605:ERROR:command_buffer_proxy_impl.cc(156)] Failed to initialize command buffer service.
[1222/152605:ERROR:webgraphicscontext3d_command_buffer_impl.cc(394)] CommandBufferProxy::Initialize failed.
[1222/152605:ERROR:webgraphicscontext3d_command_buffer_impl.cc(413)] Failed to initialize command buffer.
[1222/152605:ERROR:command_buffer_proxy_impl.cc(156)] Failed to initialize command buffer service.
[1222/152605:ERROR:webgraphicscontext3d_command_buffer_impl.cc(394)] CommandBufferProxy::Initialize failed.
[1222/152605:ERROR:webgraphicscontext3d_command_buffer_impl.cc(413)] Failed to initialize command buffer.
[1222/152605:ERROR:command_buffer_proxy_impl.cc(156)] Failed to initialize command buffer service.
[1222/152605:ERROR:webgraphicscontext3d_command_buffer_impl.cc(394)] CommandBufferProxy::Initialize failed.
[1222/152605:ERROR:webgraphicscontext3d_command_buffer_impl.cc(413)] Failed to initialize command buffer.
[1222/152610:WARNING:dns_config_service_win.cc(653)] Failed to read DnsConfig.
[1223/220528:ERROR:gpu_info_collector_win.cc(103)] Can't retrieve a valid WinSAT assessment.
[1223/220529:ERROR:proxy_service_factory.cc(105)] Cannot use V8 Proxy resolver in single process mode.
[1223/220529:ERROR:command_buffer_proxy_impl.cc(156)] Failed to initialize command buffer service.
[1223/220529:ERROR:webgraphicscontext3d_command_buffer_impl.cc(394)] CommandBufferProxy::Initialize failed.
[1223/220529:ERROR:webgraphicscontext3d_command_buffer_impl.cc(413)] Failed to initialize command buffer.
[1223/220529:ERROR:command_buffer_proxy_impl.cc(156)] Failed to initialize command buffer service.
[1223/220529:ERROR:webgraphicscontext3d_command_buffer_impl.cc(394)] CommandBufferProxy::Initialize failed.
[1223/220529:ERROR:webgraphicscontext3d_command_buffer_impl.cc(413)] Failed to initialize command buffer.
[1223/220529:ERROR:command_buffer_proxy_impl.cc(156)] Failed to initialize command buffer service.
[1223/220529:ERROR:webgraphicscontext3d_command_buffer_impl.cc(394)] CommandBufferProxy::Initialize failed.
[1223/220529:ERROR:webgraphicscontext3d_command_buffer_impl.cc(413)] Failed to initialize command buffer.
[1223/220529:ERROR:command_buffer_proxy_impl.cc(156)] Failed to initialize command buffer service.
[1223/220529:ERROR:webgraphicscontext3d_command_buffer_impl.cc(394)] CommandBufferProxy::Initialize failed.
[1223/220529:ERROR:webgraphicscontext3d_command_buffer_impl.cc(413)] Failed to initialize command buffer.
[1223/220529:ERROR:command_buffer_proxy_impl.cc(156)] Failed to initialize command buffer service.
[1223/220529:ERROR:webgraphicscontext3d_command_buffer_impl.cc(394)] CommandBufferProxy::Initialize failed.
[1223/220529:ERROR:webgraphicscontext3d_command_buffer_impl.cc(413)] Failed to initialize command buffer.
[1223/220529:ERROR:command_buffer_proxy_impl.cc(156)] Failed to initialize command buffer service.
[1223/220529:ERROR:webgraphicscontext3d_command_buffer_impl.cc(394)] CommandBufferProxy::Initialize failed.
[1223/220529:ERROR:webgraphicscontext3d_command_buffer_impl.cc(413)] Failed to initialize command buffer.
[1223/220529:ERROR:command_buffer_proxy_impl.cc(156)] Failed to initialize command buffer service.
[1223/220529:ERROR:webgraphicscontext3d_command_buffer_impl.cc(394)] CommandBufferProxy::Initialize failed.
[1223/220529:ERROR:webgraphicscontext3d_command_buffer_impl.cc(413)] Failed to initialize command buffer.
[1223/220529:ERROR:command_buffer_proxy_impl.cc(156)] Failed to initialize command buffer service.
[1223/220529:ERROR:webgraphicscontext3d_command_buffer_impl.cc(394)] CommandBufferProxy::Initialize failed.
[1223/220529:ERROR:webgraphicscontext3d_command_buffer_impl.cc(413)] Failed to initialize command buffer.
[1224/141251:ERROR:gpu_info_collector_win.cc(103)] Can't retrieve a valid WinSAT assessment.
[1224/141251:ERROR:proxy_service_factory.cc(105)] Cannot use V8 Proxy resolver in single process mode.
[1224/141251:ERROR:command_buffer_proxy_impl.cc(156)] Failed to initialize command buffer service.
[1224/141251:ERROR:webgraphicscontext3d_command_buffer_impl.cc(394)] CommandBufferProxy::Initialize failed.
[1224/141251:ERROR:webgraphicscontext3d_command_buffer_impl.cc(413)] Failed to initialize command buffer.
[1224/141251:ERROR:command_buffer_proxy_impl.cc(156)] Failed to initialize command buffer service.
[1224/141251:ERROR:webgraphicscontext3d_command_buffer_impl.cc(394)] CommandBufferProxy::Initialize failed.
[1224/141251:ERROR:webgraphicscontext3d_command_buffer_impl.cc(413)] Failed to initialize command buffer.
[1224/141251:ERROR:command_buffer_proxy_impl.cc(156)] Failed to initialize command buffer service.
[1224/141251:ERROR:webgraphicscontext3d_command_buffer_impl.cc(394)] CommandBufferProxy::Initialize failed.
[1224/141251:ERROR:webgraphicscontext3d_command_buffer_impl.cc(413)] Failed to initialize command buffer.
[1224/141251:ERROR:command_buffer_proxy_impl.cc(156)] Failed to initialize command buffer service.
[1224/141251:ERROR:webgraphicscontext3d_command_buffer_impl.cc(394)] CommandBufferProxy::Initialize failed.
[1224/141251:ERROR:webgraphicscontext3d_command_buffer_impl.cc(413)] Failed to initialize command buffer.
[1224/141251:ERROR:command_buffer_proxy_impl.cc(156)] Failed to initialize command buffer service.
[1224/141251:ERROR:webgraphicscontext3d_command_buffer_impl.cc(394)] CommandBufferProxy::Initialize failed.
[1224/141251:ERROR:webgraphicscontext3d_command_buffer_impl.cc(413)] Failed to initialize command buffer.
[1224/141251:ERROR:command_buffer_proxy_impl.cc(156)] Failed to initialize command buffer service.
[1224/141251:ERROR:webgraphicscontext3d_command_buffer_impl.cc(394)] CommandBufferProxy::Initialize failed.
[1224/141251:ERROR:webgraphicscontext3d_command_buffer_impl.cc(413)] Failed to initialize command buffer.
[1224/141251:ERROR:command_buffer_proxy_impl.cc(156)] Failed to initialize command buffer service.
[1224/141251:ERROR:webgraphicscontext3d_command_buffer_impl.cc(394)] CommandBufferProxy::Initialize failed.
[1224/141251:ERROR:webgraphicscontext3d_command_buffer_impl.cc(413)] Failed to initialize command buffer.
[1224/141251:ERROR:command_buffer_proxy_impl.cc(156)] Failed to initialize command buffer service.
[1224/141251:ERROR:webgraphicscontext3d_command_buffer_impl.cc(394)] CommandBufferProxy::Initialize failed.
[1224/141251:ERROR:webgraphicscontext3d_command_buffer_impl.cc(413)] Failed to initialize command buffer.
[1224/141257:ERROR:ipc_channel_win.cc(405)] pipe error: 232
