[1226/225937:ERROR:gpu_info_collector_win.cc(103)] Can't retrieve a valid WinSAT assessment.
[1226/225937:ERROR:proxy_service_factory.cc(105)] Cannot use V8 Proxy resolver in single process mode.
[1226/225937:ERROR:command_buffer_proxy_impl.cc(156)] Failed to initialize command buffer service.
[1226/225937:ERROR:webgraphicscontext3d_command_buffer_impl.cc(394)] CommandBufferProxy::Initialize failed.
[1226/225937:ERROR:webgraphicscontext3d_command_buffer_impl.cc(413)] Failed to initialize command buffer.
[1226/225937:ERROR:command_buffer_proxy_impl.cc(156)] Failed to initialize command buffer service.
[1226/225937:ERROR:webgraphicscontext3d_command_buffer_impl.cc(394)] CommandBufferProxy::Initialize failed.
[1226/225937:ERROR:webgraphicscontext3d_command_buffer_impl.cc(413)] Failed to initialize command buffer.
[1226/225937:ERROR:command_buffer_proxy_impl.cc(156)] Failed to initialize command buffer service.
[1226/225937:ERROR:webgraphicscontext3d_command_buffer_impl.cc(394)] CommandBufferProxy::Initialize failed.
[1226/225937:ERROR:webgraphicscontext3d_command_buffer_impl.cc(413)] Failed to initialize command buffer.
[1226/225937:ERROR:command_buffer_proxy_impl.cc(156)] Failed to initialize command buffer service.
[1226/225937:ERROR:webgraphicscontext3d_command_buffer_impl.cc(394)] CommandBufferProxy::Initialize failed.
[1226/225937:ERROR:webgraphicscontext3d_command_buffer_impl.cc(413)] Failed to initialize command buffer.
[1226/225937:ERROR:command_buffer_proxy_impl.cc(156)] Failed to initialize command buffer service.
[1226/225937:ERROR:webgraphicscontext3d_command_buffer_impl.cc(394)] CommandBufferProxy::Initialize failed.
[1226/225937:ERROR:webgraphicscontext3d_command_buffer_impl.cc(413)] Failed to initialize command buffer.
[1226/225937:ERROR:command_buffer_proxy_impl.cc(156)] Failed to initialize command buffer service.
[1226/225937:ERROR:webgraphicscontext3d_command_buffer_impl.cc(394)] CommandBufferProxy::Initialize failed.
[1226/225937:ERROR:webgraphicscontext3d_command_buffer_impl.cc(413)] Failed to initialize command buffer.
[1226/225937:ERROR:command_buffer_proxy_impl.cc(156)] Failed to initialize command buffer service.
[1226/225937:ERROR:webgraphicscontext3d_command_buffer_impl.cc(394)] CommandBufferProxy::Initialize failed.
[1226/225937:ERROR:webgraphicscontext3d_command_buffer_impl.cc(413)] Failed to initialize command buffer.
[1226/225937:ERROR:command_buffer_proxy_impl.cc(156)] Failed to initialize command buffer service.
[1226/225937:ERROR:webgraphicscontext3d_command_buffer_impl.cc(394)] CommandBufferProxy::Initialize failed.
[1226/225937:ERROR:webgraphicscontext3d_command_buffer_impl.cc(413)] Failed to initialize command buffer.
[1226/225942:ERROR:ipc_channel_win.cc(132)] pipe error: 109
[1227/200226:ERROR:gpu_info_collector_win.cc(103)] Can't retrieve a valid WinSAT assessment.
[1227/200226:ERROR:proxy_service_factory.cc(105)] Cannot use V8 Proxy resolver in single process mode.
[1227/200226:ERROR:command_buffer_proxy_impl.cc(156)] Failed to initialize command buffer service.
[1227/200226:ERROR:webgraphicscontext3d_command_buffer_impl.cc(394)] CommandBufferProxy::Initialize failed.
[1227/200226:ERROR:webgraphicscontext3d_command_buffer_impl.cc(413)] Failed to initialize command buffer.
[1227/200226:ERROR:command_buffer_proxy_impl.cc(156)] Failed to initialize command buffer service.
[1227/200226:ERROR:webgraphicscontext3d_command_buffer_impl.cc(394)] CommandBufferProxy::Initialize failed.
[1227/200226:ERROR:webgraphicscontext3d_command_buffer_impl.cc(413)] Failed to initialize command buffer.
[1227/200226:ERROR:command_buffer_proxy_impl.cc(156)] Failed to initialize command buffer service.
[1227/200226:ERROR:webgraphicscontext3d_command_buffer_impl.cc(394)] CommandBufferProxy::Initialize failed.
[1227/200226:ERROR:webgraphicscontext3d_command_buffer_impl.cc(413)] Failed to initialize command buffer.
[1227/200226:ERROR:command_buffer_proxy_impl.cc(156)] Failed to initialize command buffer service.
[1227/200226:ERROR:webgraphicscontext3d_command_buffer_impl.cc(394)] CommandBufferProxy::Initialize failed.
[1227/200226:ERROR:webgraphicscontext3d_command_buffer_impl.cc(413)] Failed to initialize command buffer.
[1227/200226:ERROR:command_buffer_proxy_impl.cc(156)] Failed to initialize command buffer service.
[1227/200226:ERROR:webgraphicscontext3d_command_buffer_impl.cc(394)] CommandBufferProxy::Initialize failed.
[1227/200226:ERROR:webgraphicscontext3d_command_buffer_impl.cc(413)] Failed to initialize command buffer.
[1227/200226:ERROR:command_buffer_proxy_impl.cc(156)] Failed to initialize command buffer service.
[1227/200226:ERROR:webgraphicscontext3d_command_buffer_impl.cc(394)] CommandBufferProxy::Initialize failed.
[1227/200226:ERROR:webgraphicscontext3d_command_buffer_impl.cc(413)] Failed to initialize command buffer.
[1227/200226:ERROR:command_buffer_proxy_impl.cc(156)] Failed to initialize command buffer service.
[1227/200226:ERROR:webgraphicscontext3d_command_buffer_impl.cc(394)] CommandBufferProxy::Initialize failed.
[1227/200226:ERROR:webgraphicscontext3d_command_buffer_impl.cc(413)] Failed to initialize command buffer.
[1227/200226:ERROR:command_buffer_proxy_impl.cc(156)] Failed to initialize command buffer service.
[1227/200226:ERROR:webgraphicscontext3d_command_buffer_impl.cc(394)] CommandBufferProxy::Initialize failed.
[1227/200226:ERROR:webgraphicscontext3d_command_buffer_impl.cc(413)] Failed to initialize command buffer.
[1227/200622:ERROR:gpu_info_collector_win.cc(103)] Can't retrieve a valid WinSAT assessment.
[1227/200622:ERROR:proxy_service_factory.cc(105)] Cannot use V8 Proxy resolver in single process mode.
[1227/200622:ERROR:command_buffer_proxy_impl.cc(156)] Failed to initialize command buffer service.
[1227/200622:ERROR:webgraphicscontext3d_command_buffer_impl.cc(394)] CommandBufferProxy::Initialize failed.
[1227/200622:ERROR:webgraphicscontext3d_command_buffer_impl.cc(413)] Failed to initialize command buffer.
[1227/200622:ERROR:command_buffer_proxy_impl.cc(156)] Failed to initialize command buffer service.
[1227/200622:ERROR:webgraphicscontext3d_command_buffer_impl.cc(394)] CommandBufferProxy::Initialize failed.
[1227/200622:ERROR:webgraphicscontext3d_command_buffer_impl.cc(413)] Failed to initialize command buffer.
[1227/200622:ERROR:command_buffer_proxy_impl.cc(156)] Failed to initialize command buffer service.
[1227/200622:ERROR:webgraphicscontext3d_command_buffer_impl.cc(394)] CommandBufferProxy::Initialize failed.
[1227/200622:ERROR:webgraphicscontext3d_command_buffer_impl.cc(413)] Failed to initialize command buffer.
[1227/200622:ERROR:command_buffer_proxy_impl.cc(156)] Failed to initialize command buffer service.
[1227/200622:ERROR:webgraphicscontext3d_command_buffer_impl.cc(394)] CommandBufferProxy::Initialize failed.
[1227/200622:ERROR:webgraphicscontext3d_command_buffer_impl.cc(413)] Failed to initialize command buffer.
[1227/200622:ERROR:command_buffer_proxy_impl.cc(156)] Failed to initialize command buffer service.
[1227/200622:ERROR:webgraphicscontext3d_command_buffer_impl.cc(394)] CommandBufferProxy::Initialize failed.
[1227/200622:ERROR:webgraphicscontext3d_command_buffer_impl.cc(413)] Failed to initialize command buffer.
[1227/200622:ERROR:command_buffer_proxy_impl.cc(156)] Failed to initialize command buffer service.
[1227/200622:ERROR:webgraphicscontext3d_command_buffer_impl.cc(394)] CommandBufferProxy::Initialize failed.
[1227/200622:ERROR:webgraphicscontext3d_command_buffer_impl.cc(413)] Failed to initialize command buffer.
[1227/200622:ERROR:command_buffer_proxy_impl.cc(156)] Failed to initialize command buffer service.
[1227/200622:ERROR:webgraphicscontext3d_command_buffer_impl.cc(394)] CommandBufferProxy::Initialize failed.
[1227/200622:ERROR:webgraphicscontext3d_command_buffer_impl.cc(413)] Failed to initialize command buffer.
[1227/200622:ERROR:command_buffer_proxy_impl.cc(156)] Failed to initialize command buffer service.
[1227/200622:ERROR:webgraphicscontext3d_command_buffer_impl.cc(394)] CommandBufferProxy::Initialize failed.
[1227/200622:ERROR:webgraphicscontext3d_command_buffer_impl.cc(413)] Failed to initialize command buffer.
