[1223/114248:ERROR:gpu_info_collector_win.cc(103)] Can't retrieve a valid WinSAT assessment.
[1223/114248:ERROR:proxy_service_factory.cc(105)] Cannot use V8 Proxy resolver in single process mode.
[1223/114249:ERROR:command_buffer_proxy_impl.cc(156)] Failed to initialize command buffer service.
[1223/114249:ERROR:webgraphicscontext3d_command_buffer_impl.cc(394)] CommandBufferProxy::Initialize failed.
[1223/114249:ERROR:webgraphicscontext3d_command_buffer_impl.cc(413)] Failed to initialize command buffer.
[1223/114249:ERROR:command_buffer_proxy_impl.cc(156)] Failed to initialize command buffer service.
[1223/114249:ERROR:webgraphicscontext3d_command_buffer_impl.cc(394)] CommandBufferProxy::Initialize failed.
[1223/114249:ERROR:webgraphicscontext3d_command_buffer_impl.cc(413)] Failed to initialize command buffer.
[1223/114249:ERROR:command_buffer_proxy_impl.cc(156)] Failed to initialize command buffer service.
[1223/114249:ERROR:webgraphicscontext3d_command_buffer_impl.cc(394)] CommandBufferProxy::Initialize failed.
[1223/114249:ERROR:webgraphicscontext3d_command_buffer_impl.cc(413)] Failed to initialize command buffer.
[1223/114249:ERROR:command_buffer_proxy_impl.cc(156)] Failed to initialize command buffer service.
[1223/114249:ERROR:webgraphicscontext3d_command_buffer_impl.cc(394)] CommandBufferProxy::Initialize failed.
[1223/114249:ERROR:webgraphicscontext3d_command_buffer_impl.cc(413)] Failed to initialize command buffer.
[1223/114249:ERROR:command_buffer_proxy_impl.cc(156)] Failed to initialize command buffer service.
[1223/114249:ERROR:webgraphicscontext3d_command_buffer_impl.cc(394)] CommandBufferProxy::Initialize failed.
[1223/114249:ERROR:webgraphicscontext3d_command_buffer_impl.cc(413)] Failed to initialize command buffer.
[1223/114249:ERROR:command_buffer_proxy_impl.cc(156)] Failed to initialize command buffer service.
[1223/114249:ERROR:webgraphicscontext3d_command_buffer_impl.cc(394)] CommandBufferProxy::Initialize failed.
[1223/114249:ERROR:webgraphicscontext3d_command_buffer_impl.cc(413)] Failed to initialize command buffer.
[1223/114249:ERROR:command_buffer_proxy_impl.cc(156)] Failed to initialize command buffer service.
[1223/114249:ERROR:webgraphicscontext3d_command_buffer_impl.cc(394)] CommandBufferProxy::Initialize failed.
[1223/114249:ERROR:webgraphicscontext3d_command_buffer_impl.cc(413)] Failed to initialize command buffer.
[1223/114249:ERROR:command_buffer_proxy_impl.cc(156)] Failed to initialize command buffer service.
[1223/114249:ERROR:webgraphicscontext3d_command_buffer_impl.cc(394)] CommandBufferProxy::Initialize failed.
[1223/114249:ERROR:webgraphicscontext3d_command_buffer_impl.cc(413)] Failed to initialize command buffer.
[1223/120619:ERROR:gpu_info_collector_win.cc(103)] Can't retrieve a valid WinSAT assessment.
[1223/120619:ERROR:proxy_service_factory.cc(105)] Cannot use V8 Proxy resolver in single process mode.
[1223/120620:ERROR:command_buffer_proxy_impl.cc(156)] Failed to initialize command buffer service.
[1223/120620:ERROR:webgraphicscontext3d_command_buffer_impl.cc(394)] CommandBufferProxy::Initialize failed.
[1223/120620:ERROR:webgraphicscontext3d_command_buffer_impl.cc(413)] Failed to initialize command buffer.
[1223/120620:ERROR:command_buffer_proxy_impl.cc(156)] Failed to initialize command buffer service.
[1223/120620:ERROR:webgraphicscontext3d_command_buffer_impl.cc(394)] CommandBufferProxy::Initialize failed.
[1223/120620:ERROR:webgraphicscontext3d_command_buffer_impl.cc(413)] Failed to initialize command buffer.
[1223/120620:ERROR:command_buffer_proxy_impl.cc(156)] Failed to initialize command buffer service.
[1223/120620:ERROR:webgraphicscontext3d_command_buffer_impl.cc(394)] CommandBufferProxy::Initialize failed.
[1223/120620:ERROR:webgraphicscontext3d_command_buffer_impl.cc(413)] Failed to initialize command buffer.
[1223/120620:ERROR:command_buffer_proxy_impl.cc(156)] Failed to initialize command buffer service.
[1223/120620:ERROR:webgraphicscontext3d_command_buffer_impl.cc(394)] CommandBufferProxy::Initialize failed.
[1223/120620:ERROR:webgraphicscontext3d_command_buffer_impl.cc(413)] Failed to initialize command buffer.
[1223/120620:ERROR:command_buffer_proxy_impl.cc(156)] Failed to initialize command buffer service.
[1223/120620:ERROR:webgraphicscontext3d_command_buffer_impl.cc(394)] CommandBufferProxy::Initialize failed.
[1223/120620:ERROR:webgraphicscontext3d_command_buffer_impl.cc(413)] Failed to initialize command buffer.
[1223/120620:ERROR:command_buffer_proxy_impl.cc(156)] Failed to initialize command buffer service.
[1223/120620:ERROR:webgraphicscontext3d_command_buffer_impl.cc(394)] CommandBufferProxy::Initialize failed.
[1223/120620:ERROR:webgraphicscontext3d_command_buffer_impl.cc(413)] Failed to initialize command buffer.
[1223/120620:ERROR:command_buffer_proxy_impl.cc(156)] Failed to initialize command buffer service.
[1223/120620:ERROR:webgraphicscontext3d_command_buffer_impl.cc(394)] CommandBufferProxy::Initialize failed.
[1223/120620:ERROR:webgraphicscontext3d_command_buffer_impl.cc(413)] Failed to initialize command buffer.
[1223/120620:ERROR:command_buffer_proxy_impl.cc(156)] Failed to initialize command buffer service.
[1223/120620:ERROR:webgraphicscontext3d_command_buffer_impl.cc(394)] CommandBufferProxy::Initialize failed.
[1223/120620:ERROR:webgraphicscontext3d_command_buffer_impl.cc(413)] Failed to initialize command buffer.
[1223/120715:ERROR:ipc_channel_win.cc(405)] pipe error: 232
[1223/121601:WARNING:dns_config_service_win.cc(653)] Failed to read DnsConfig.
[1223/121601:ERROR:gpu_info_collector_win.cc(103)] Can't retrieve a valid WinSAT assessment.
[1223/121601:ERROR:proxy_service_factory.cc(105)] Cannot use V8 Proxy resolver in single process mode.
[1223/121601:ERROR:command_buffer_proxy_impl.cc(156)] Failed to initialize command buffer service.
[1223/121601:ERROR:webgraphicscontext3d_command_buffer_impl.cc(394)] CommandBufferProxy::Initialize failed.
[1223/121601:ERROR:webgraphicscontext3d_command_buffer_impl.cc(413)] Failed to initialize command buffer.
[1223/121601:ERROR:command_buffer_proxy_impl.cc(156)] Failed to initialize command buffer service.
[1223/121601:ERROR:webgraphicscontext3d_command_buffer_impl.cc(394)] CommandBufferProxy::Initialize failed.
[1223/121601:ERROR:webgraphicscontext3d_command_buffer_impl.cc(413)] Failed to initialize command buffer.
[1223/121601:ERROR:command_buffer_proxy_impl.cc(156)] Failed to initialize command buffer service.
[1223/121601:ERROR:webgraphicscontext3d_command_buffer_impl.cc(394)] CommandBufferProxy::Initialize failed.
[1223/121601:ERROR:webgraphicscontext3d_command_buffer_impl.cc(413)] Failed to initialize command buffer.
[1223/121601:ERROR:command_buffer_proxy_impl.cc(156)] Failed to initialize command buffer service.
[1223/121601:ERROR:webgraphicscontext3d_command_buffer_impl.cc(394)] CommandBufferProxy::Initialize failed.
[1223/121601:ERROR:webgraphicscontext3d_command_buffer_impl.cc(413)] Failed to initialize command buffer.
[1223/121601:ERROR:command_buffer_proxy_impl.cc(156)] Failed to initialize command buffer service.
[1223/121601:ERROR:webgraphicscontext3d_command_buffer_impl.cc(394)] CommandBufferProxy::Initialize failed.
[1223/121601:ERROR:webgraphicscontext3d_command_buffer_impl.cc(413)] Failed to initialize command buffer.
[1223/121601:ERROR:command_buffer_proxy_impl.cc(156)] Failed to initialize command buffer service.
[1223/121601:ERROR:webgraphicscontext3d_command_buffer_impl.cc(394)] CommandBufferProxy::Initialize failed.
[1223/121601:ERROR:webgraphicscontext3d_command_buffer_impl.cc(413)] Failed to initialize command buffer.
[1223/121601:ERROR:command_buffer_proxy_impl.cc(156)] Failed to initialize command buffer service.
[1223/121601:ERROR:webgraphicscontext3d_command_buffer_impl.cc(394)] CommandBufferProxy::Initialize failed.
[1223/121601:ERROR:webgraphicscontext3d_command_buffer_impl.cc(413)] Failed to initialize command buffer.
[1223/121601:ERROR:command_buffer_proxy_impl.cc(156)] Failed to initialize command buffer service.
[1223/121601:ERROR:webgraphicscontext3d_command_buffer_impl.cc(394)] CommandBufferProxy::Initialize failed.
[1223/121601:ERROR:webgraphicscontext3d_command_buffer_impl.cc(413)] Failed to initialize command buffer.
[1223/121606:WARNING:dns_config_service_win.cc(653)] Failed to read DnsConfig.
[1223/121609:ERROR:ipc_channel_win.cc(405)] pipe error: 232
