[1228/114755:ERROR:gpu_info_collector_win.cc(103)] Can't retrieve a valid WinSAT assessment.
[1228/114755:ERROR:proxy_service_factory.cc(105)] Cannot use V8 Proxy resolver in single process mode.
[1228/114755:ERROR:command_buffer_proxy_impl.cc(156)] Failed to initialize command buffer service.
[1228/114755:ERROR:webgraphicscontext3d_command_buffer_impl.cc(394)] CommandBufferProxy::Initialize failed.
[1228/114755:ERROR:webgraphicscontext3d_command_buffer_impl.cc(413)] Failed to initialize command buffer.
[1228/114755:ERROR:command_buffer_proxy_impl.cc(156)] Failed to initialize command buffer service.
[1228/114755:ERROR:webgraphicscontext3d_command_buffer_impl.cc(394)] CommandBufferProxy::Initialize failed.
[1228/114755:ERROR:webgraphicscontext3d_command_buffer_impl.cc(413)] Failed to initialize command buffer.
[1228/114755:ERROR:command_buffer_proxy_impl.cc(156)] Failed to initialize command buffer service.
[1228/114755:ERROR:webgraphicscontext3d_command_buffer_impl.cc(394)] CommandBufferProxy::Initialize failed.
[1228/114755:ERROR:webgraphicscontext3d_command_buffer_impl.cc(413)] Failed to initialize command buffer.
[1228/114755:ERROR:command_buffer_proxy_impl.cc(156)] Failed to initialize command buffer service.
[1228/114755:ERROR:webgraphicscontext3d_command_buffer_impl.cc(394)] CommandBufferProxy::Initialize failed.
[1228/114755:ERROR:webgraphicscontext3d_command_buffer_impl.cc(413)] Failed to initialize command buffer.
[1228/114755:ERROR:command_buffer_proxy_impl.cc(156)] Failed to initialize command buffer service.
[1228/114755:ERROR:webgraphicscontext3d_command_buffer_impl.cc(394)] CommandBufferProxy::Initialize failed.
[1228/114755:ERROR:webgraphicscontext3d_command_buffer_impl.cc(413)] Failed to initialize command buffer.
[1228/114755:ERROR:command_buffer_proxy_impl.cc(156)] Failed to initialize command buffer service.
[1228/114755:ERROR:webgraphicscontext3d_command_buffer_impl.cc(394)] CommandBufferProxy::Initialize failed.
[1228/114755:ERROR:webgraphicscontext3d_command_buffer_impl.cc(413)] Failed to initialize command buffer.
[1228/114755:ERROR:command_buffer_proxy_impl.cc(156)] Failed to initialize command buffer service.
[1228/114755:ERROR:webgraphicscontext3d_command_buffer_impl.cc(394)] CommandBufferProxy::Initialize failed.
[1228/114755:ERROR:webgraphicscontext3d_command_buffer_impl.cc(413)] Failed to initialize command buffer.
[1228/114755:ERROR:command_buffer_proxy_impl.cc(156)] Failed to initialize command buffer service.
[1228/114755:ERROR:webgraphicscontext3d_command_buffer_impl.cc(394)] CommandBufferProxy::Initialize failed.
[1228/114755:ERROR:webgraphicscontext3d_command_buffer_impl.cc(413)] Failed to initialize command buffer.
[1228/114914:ERROR:gpu_info_collector_win.cc(103)] Can't retrieve a valid WinSAT assessment.
[1228/114914:ERROR:proxy_service_factory.cc(105)] Cannot use V8 Proxy resolver in single process mode.
[1228/114914:ERROR:command_buffer_proxy_impl.cc(156)] Failed to initialize command buffer service.
[1228/114914:ERROR:webgraphicscontext3d_command_buffer_impl.cc(394)] CommandBufferProxy::Initialize failed.
[1228/114914:ERROR:webgraphicscontext3d_command_buffer_impl.cc(413)] Failed to initialize command buffer.
[1228/114914:ERROR:command_buffer_proxy_impl.cc(156)] Failed to initialize command buffer service.
[1228/114914:ERROR:webgraphicscontext3d_command_buffer_impl.cc(394)] CommandBufferProxy::Initialize failed.
[1228/114914:ERROR:webgraphicscontext3d_command_buffer_impl.cc(413)] Failed to initialize command buffer.
[1228/114914:ERROR:command_buffer_proxy_impl.cc(156)] Failed to initialize command buffer service.
[1228/114914:ERROR:webgraphicscontext3d_command_buffer_impl.cc(394)] CommandBufferProxy::Initialize failed.
[1228/114914:ERROR:webgraphicscontext3d_command_buffer_impl.cc(413)] Failed to initialize command buffer.
[1228/114914:ERROR:command_buffer_proxy_impl.cc(156)] Failed to initialize command buffer service.
[1228/114914:ERROR:webgraphicscontext3d_command_buffer_impl.cc(394)] CommandBufferProxy::Initialize failed.
[1228/114914:ERROR:webgraphicscontext3d_command_buffer_impl.cc(413)] Failed to initialize command buffer.
[1228/114914:ERROR:command_buffer_proxy_impl.cc(156)] Failed to initialize command buffer service.
[1228/114914:ERROR:webgraphicscontext3d_command_buffer_impl.cc(394)] CommandBufferProxy::Initialize failed.
[1228/114914:ERROR:webgraphicscontext3d_command_buffer_impl.cc(413)] Failed to initialize command buffer.
[1228/114914:ERROR:command_buffer_proxy_impl.cc(156)] Failed to initialize command buffer service.
[1228/114914:ERROR:webgraphicscontext3d_command_buffer_impl.cc(394)] CommandBufferProxy::Initialize failed.
[1228/114914:ERROR:webgraphicscontext3d_command_buffer_impl.cc(413)] Failed to initialize command buffer.
[1228/114914:ERROR:command_buffer_proxy_impl.cc(156)] Failed to initialize command buffer service.
[1228/114914:ERROR:webgraphicscontext3d_command_buffer_impl.cc(394)] CommandBufferProxy::Initialize failed.
[1228/114914:ERROR:webgraphicscontext3d_command_buffer_impl.cc(413)] Failed to initialize command buffer.
[1228/114914:ERROR:command_buffer_proxy_impl.cc(156)] Failed to initialize command buffer service.
[1228/114914:ERROR:webgraphicscontext3d_command_buffer_impl.cc(394)] CommandBufferProxy::Initialize failed.
[1228/114914:ERROR:webgraphicscontext3d_command_buffer_impl.cc(413)] Failed to initialize command buffer.
